2024-06-30 13:35:19.040 +04:00  INF  Entity Framework Core 6.0.31 initialized 'AppDbContext' using provider 'Microsoft.EntityFrameworkCore.SqlServer:6.0.31' with options: None
2024-06-30 14:20:43.825 +04:00  INF  Entity Framework Core 6.0.31 initialized 'AppDbContext' using provider 'Microsoft.EntityFrameworkCore.SqlServer:6.0.31' with options: None
2024-06-30 14:20:50.566 +04:00  INF  Entity Framework Core 6.0.31 initialized 'AppDbContext' using provider 'Microsoft.EntityFrameworkCore.SqlServer:6.0.31' with options: None
2024-06-30 14:21:02.909 +04:00  INF  Entity Framework Core 6.0.31 initialized 'AppDbContext' using provider 'Microsoft.EntityFrameworkCore.SqlServer:6.0.31' with options: None
2024-06-30 14:21:03.255 +04:00  INF  Executed DbCommand (12ms) [Parameters=[], CommandType='"Text"', CommandTimeout='30']
SELECT 1
2024-06-30 14:21:03.275 +04:00  INF  Executed DbCommand (10ms) [Parameters=[], CommandType='"Text"', CommandTimeout='30']
SELECT OBJECT_ID(N'[__EFMigrationsHistory]');
2024-06-30 14:21:03.278 +04:00  INF  Executed DbCommand (1ms) [Parameters=[], CommandType='"Text"', CommandTimeout='30']
SELECT 1
2024-06-30 14:21:03.278 +04:00  INF  Executed DbCommand (0ms) [Parameters=[], CommandType='"Text"', CommandTimeout='30']
SELECT OBJECT_ID(N'[__EFMigrationsHistory]');
2024-06-30 14:21:03.295 +04:00  INF  Executed DbCommand (4ms) [Parameters=[], CommandType='"Text"', CommandTimeout='30']
SELECT [MigrationId], [ProductVersion]
FROM [__EFMigrationsHistory]
ORDER BY [MigrationId];
2024-06-30 14:21:03.308 +04:00  INF  Applying migration '20240630102050_CreatedTables'.
2024-06-30 14:21:03.370 +04:00  INF  Executed DbCommand (2ms) [Parameters=[], CommandType='"Text"', CommandTimeout='30']
CREATE TABLE [Educations] (
    [Id] int NOT NULL IDENTITY,
    [Name] nvarchar(max) NOT NULL,
    [SoftDelete] bit NOT NULL,
    [CreatedDate] datetime2 NOT NULL,
    CONSTRAINT [PK_Educations] PRIMARY KEY ([Id])
);
2024-06-30 14:21:03.371 +04:00  INF  Executed DbCommand (1ms) [Parameters=[], CommandType='"Text"', CommandTimeout='30']
CREATE TABLE [Rooms] (
    [Id] int NOT NULL IDENTITY,
    [Name] nvarchar(max) NOT NULL,
    [SeatCount] int NOT NULL,
    [SoftDelete] bit NOT NULL,
    [CreatedDate] datetime2 NOT NULL,
    CONSTRAINT [PK_Rooms] PRIMARY KEY ([Id])
);
2024-06-30 14:21:03.372 +04:00  INF  Executed DbCommand (1ms) [Parameters=[], CommandType='"Text"', CommandTimeout='30']
CREATE TABLE [Students] (
    [Id] int NOT NULL IDENTITY,
    [Name] nvarchar(100) NOT NULL,
    [SurName] nvarchar(max) NOT NULL,
    [Address] nvarchar(max) NOT NULL,
    [Email] nvarchar(max) NOT NULL,
    [Age] int NOT NULL,
    [SoftDelete] bit NOT NULL,
    [CreatedDate] datetime2 NOT NULL,
    CONSTRAINT [PK_Students] PRIMARY KEY ([Id])
);
2024-06-30 14:21:03.374 +04:00  INF  Executed DbCommand (1ms) [Parameters=[], CommandType='"Text"', CommandTimeout='30']
CREATE TABLE [Teachers] (
    [Id] int NOT NULL IDENTITY,
    [Name] nvarchar(max) NOT NULL,
    [Surname] nvarchar(max) NOT NULL,
    [Salary] int NOT NULL,
    [Age] int NOT NULL,
    [SoftDelete] bit NOT NULL,
    [CreatedDate] datetime2 NOT NULL,
    CONSTRAINT [PK_Teachers] PRIMARY KEY ([Id])
);
2024-06-30 14:21:03.376 +04:00  INF  Executed DbCommand (2ms) [Parameters=[], CommandType='"Text"', CommandTimeout='30']
CREATE TABLE [Groups] (
    [Id] int NOT NULL IDENTITY,
    [Name] nvarchar(100) NOT NULL,
    [Capacity] int NOT NULL,
    [StudentCount] int NOT NULL,
    [EducationId] int NOT NULL,
    [RoomId] int NOT NULL,
    [SoftDelete] bit NOT NULL,
    [CreatedDate] datetime2 NOT NULL,
    CONSTRAINT [PK_Groups] PRIMARY KEY ([Id]),
    CONSTRAINT [FK_Groups_Educations_EducationId] FOREIGN KEY ([EducationId]) REFERENCES [Educations] ([Id]) ON DELETE CASCADE,
    CONSTRAINT [FK_Groups_Rooms_RoomId] FOREIGN KEY ([RoomId]) REFERENCES [Rooms] ([Id]) ON DELETE CASCADE
);
2024-06-30 14:21:03.377 +04:00  INF  Executed DbCommand (1ms) [Parameters=[], CommandType='"Text"', CommandTimeout='30']
CREATE TABLE [GroupStudents] (
    [Id] int NOT NULL IDENTITY,
    [StudentId] int NOT NULL,
    [GroupId] int NOT NULL,
    CONSTRAINT [PK_GroupStudents] PRIMARY KEY ([Id]),
    CONSTRAINT [FK_GroupStudents_Groups_GroupId] FOREIGN KEY ([GroupId]) REFERENCES [Groups] ([Id]) ON DELETE CASCADE,
    CONSTRAINT [FK_GroupStudents_Students_StudentId] FOREIGN KEY ([StudentId]) REFERENCES [Students] ([Id]) ON DELETE CASCADE
);
2024-06-30 14:21:03.378 +04:00  INF  Executed DbCommand (1ms) [Parameters=[], CommandType='"Text"', CommandTimeout='30']
CREATE TABLE [GroupTeachers] (
    [Id] int NOT NULL IDENTITY,
    [TeacherId] int NOT NULL,
    [GroupId] int NOT NULL,
    CONSTRAINT [PK_GroupTeachers] PRIMARY KEY ([Id]),
    CONSTRAINT [FK_GroupTeachers_Groups_GroupId] FOREIGN KEY ([GroupId]) REFERENCES [Groups] ([Id]) ON DELETE CASCADE,
    CONSTRAINT [FK_GroupTeachers_Teachers_TeacherId] FOREIGN KEY ([TeacherId]) REFERENCES [Teachers] ([Id]) ON DELETE CASCADE
);
2024-06-30 14:21:03.379 +04:00  INF  Executed DbCommand (1ms) [Parameters=[], CommandType='"Text"', CommandTimeout='30']
CREATE INDEX [IX_Groups_EducationId] ON [Groups] ([EducationId]);
2024-06-30 14:21:03.381 +04:00  INF  Executed DbCommand (1ms) [Parameters=[], CommandType='"Text"', CommandTimeout='30']
CREATE INDEX [IX_Groups_RoomId] ON [Groups] ([RoomId]);
2024-06-30 14:21:03.382 +04:00  INF  Executed DbCommand (1ms) [Parameters=[], CommandType='"Text"', CommandTimeout='30']
CREATE INDEX [IX_GroupStudents_GroupId] ON [GroupStudents] ([GroupId]);
2024-06-30 14:21:03.382 +04:00  INF  Executed DbCommand (1ms) [Parameters=[], CommandType='"Text"', CommandTimeout='30']
CREATE INDEX [IX_GroupStudents_StudentId] ON [GroupStudents] ([StudentId]);
2024-06-30 14:21:03.383 +04:00  INF  Executed DbCommand (1ms) [Parameters=[], CommandType='"Text"', CommandTimeout='30']
CREATE INDEX [IX_GroupTeachers_GroupId] ON [GroupTeachers] ([GroupId]);
2024-06-30 14:21:03.384 +04:00  INF  Executed DbCommand (1ms) [Parameters=[], CommandType='"Text"', CommandTimeout='30']
CREATE INDEX [IX_GroupTeachers_TeacherId] ON [GroupTeachers] ([TeacherId]);
2024-06-30 14:21:03.385 +04:00  INF  Executed DbCommand (1ms) [Parameters=[], CommandType='"Text"', CommandTimeout='30']
INSERT INTO [__EFMigrationsHistory] ([MigrationId], [ProductVersion])
VALUES (N'20240630102050_CreatedTables', N'6.0.31');
2024-06-30 14:22:37.059 +04:00  INF  Now listening on: http://localhost:5114
2024-06-30 14:22:37.080 +04:00  INF  Application started. Press Ctrl+C to shut down.
2024-06-30 14:22:37.081 +04:00  INF  Hosting environment: Development
2024-06-30 14:22:37.081 +04:00  INF  Content root path: C:\Users\Rashad\OneDrive\Desktop\PB101\code\Githuba qoyulanlar\ASP.CORE-API\CourseAppApiWithArchitecture\CourseApi\CourseApi\
2024-06-30 14:22:37.632 +04:00  INF  Request starting HTTP/1.1 GET http://localhost:5114/swagger/index.html - -
2024-06-30 14:22:37.785 +04:00  INF  Request finished HTTP/1.1 GET http://localhost:5114/swagger/index.html - - - 200 - text/html;charset=utf-8 155.6061ms
2024-06-30 14:22:37.790 +04:00  INF  Request starting HTTP/1.1 GET http://localhost:5114/_framework/aspnetcore-browser-refresh.js - -
2024-06-30 14:22:37.791 +04:00  INF  Request finished HTTP/1.1 GET http://localhost:5114/_framework/aspnetcore-browser-refresh.js - - - 200 11988 application/javascript;+charset=utf-8 1.4857ms
2024-06-30 14:22:37.797 +04:00  INF  Request starting HTTP/1.1 GET http://localhost:5114/_vs/browserLink - -
2024-06-30 14:22:37.826 +04:00  INF  Request finished HTTP/1.1 GET http://localhost:5114/_vs/browserLink - - - 200 - text/javascript;+charset=UTF-8 28.7230ms
2024-06-30 14:22:37.911 +04:00  INF  Request starting HTTP/1.1 GET http://localhost:5114/swagger/v1/swagger.json - -
2024-06-30 14:22:37.956 +04:00  INF  Request starting HTTP/1.1 GET http://localhost:5114/swagger/index.html - -
2024-06-30 14:22:37.957 +04:00  INF  Request finished HTTP/1.1 GET http://localhost:5114/swagger/index.html - - - 200 - text/html;charset=utf-8 1.3082ms
2024-06-30 14:22:38.004 +04:00  INF  Request finished HTTP/1.1 GET http://localhost:5114/swagger/v1/swagger.json - - - 200 - application/json;charset=utf-8 93.4021ms
2024-06-30 14:22:49.993 +04:00  INF  Request starting HTTP/1.1 POST http://localhost:5114/api/admin/Education/Create application/json 27
2024-06-30 14:22:50.000 +04:00  WRN  Failed to determine the https port for redirect.
2024-06-30 14:22:50.004 +04:00  INF  Executing endpoint 'CourseApi.Controllers.Admin.EducationController.Create (CourseApi)'
2024-06-30 14:22:50.025 +04:00  INF  Route matched with {action = "Create", controller = "Education"}. Executing controller action with signature System.Threading.Tasks.Task`1[Microsoft.AspNetCore.Mvc.IActionResult] Create(Service.DTOs.Educations.EducationCreateDto) on controller CourseApi.Controllers.Admin.EducationController (CourseApi).
2024-06-30 14:22:51.078 +04:00  INF  Entity Framework Core 6.0.31 initialized 'AppDbContext' using provider 'Microsoft.EntityFrameworkCore.SqlServer:6.0.31' with options: None
2024-06-30 14:22:52.006 +04:00  INF  Executed DbCommand (37ms) [Parameters=[@p0='?' (DbType = DateTime2), @p1='?' (Size = 4000), @p2='?' (DbType = Boolean)], CommandType='"Text"', CommandTimeout='30']
SET NOCOUNT ON;
INSERT INTO [Educations] ([CreatedDate], [Name], [SoftDelete])
VALUES (@p0, @p1, @p2);
SELECT [Id]
FROM [Educations]
WHERE @@ROWCOUNT = 1 AND [Id] = scope_identity();
2024-06-30 14:22:52.062 +04:00  INF  Executing CreatedAtActionResult, writing value of type '<>f__AnonymousType0`1[[System.String, System.Private.CoreLib, Version=6.0.0.0, Culture=neutral, PublicKeyToken=7cec85d7bea7798e]]'.
2024-06-30 14:22:52.080 +04:00  INF  Executed action CourseApi.Controllers.Admin.EducationController.Create (CourseApi) in 2049.6623ms
2024-06-30 14:22:52.081 +04:00  INF  Executed endpoint 'CourseApi.Controllers.Admin.EducationController.Create (CourseApi)'
2024-06-30 14:22:52.084 +04:00  INF  Request finished HTTP/1.1 POST http://localhost:5114/api/admin/Education/Create application/json 27 - 201 - application/json;+charset=utf-8 2090.3998ms
2024-06-30 14:22:56.479 +04:00  INF  Request starting HTTP/1.1 GET http://localhost:5114/api/admin/Education/GetAll - -
2024-06-30 14:22:56.482 +04:00  INF  Executing endpoint 'CourseApi.Controllers.Admin.EducationController.GetAll (CourseApi)'
2024-06-30 14:22:56.485 +04:00  INF  Route matched with {action = "GetAll", controller = "Education"}. Executing controller action with signature System.Threading.Tasks.Task`1[Microsoft.AspNetCore.Mvc.IActionResult] GetAll() on controller CourseApi.Controllers.Admin.EducationController (CourseApi).
2024-06-30 14:22:56.517 +04:00  INF  Entity Framework Core 6.0.31 initialized 'AppDbContext' using provider 'Microsoft.EntityFrameworkCore.SqlServer:6.0.31' with options: None
2024-06-30 14:22:56.517 +04:00  INF  Get All method is working
2024-06-30 14:22:56.701 +04:00  INF  Executed DbCommand (4ms) [Parameters=[], CommandType='"Text"', CommandTimeout='30']
SELECT [e].[Id], [e].[CreatedDate], [e].[Name], [e].[SoftDelete]
FROM [Educations] AS [e]
2024-06-30 14:22:56.716 +04:00  INF  Executing OkObjectResult, writing value of type 'System.Collections.Generic.List`1[[Service.DTOs.Educations.EducationDto, Service, Version=1.0.0.0, Culture=neutral, PublicKeyToken=null]]'.
2024-06-30 14:22:56.717 +04:00  INF  Executed action CourseApi.Controllers.Admin.EducationController.GetAll (CourseApi) in 231.1662ms
2024-06-30 14:22:56.717 +04:00  INF  Executed endpoint 'CourseApi.Controllers.Admin.EducationController.GetAll (CourseApi)'
2024-06-30 14:22:56.717 +04:00  INF  Request finished HTTP/1.1 GET http://localhost:5114/api/admin/Education/GetAll - - - 200 - application/json;+charset=utf-8 238.3207ms
2024-06-30 14:23:20.188 +04:00  INF  Request starting HTTP/1.1 POST http://localhost:5114/api/admin/Room/Create application/json 38
2024-06-30 14:23:20.188 +04:00  INF  Executing endpoint 'CourseApi.Controllers.Admin.RoomController.Create (CourseApi)'
2024-06-30 14:23:20.191 +04:00  INF  Route matched with {action = "Create", controller = "Room"}. Executing controller action with signature System.Threading.Tasks.Task`1[Microsoft.AspNetCore.Mvc.IActionResult] Create(Service.DTOs.Room.RoomCreateDto) on controller CourseApi.Controllers.Admin.RoomController (CourseApi).
2024-06-30 14:23:20.200 +04:00  INF  Entity Framework Core 6.0.31 initialized 'AppDbContext' using provider 'Microsoft.EntityFrameworkCore.SqlServer:6.0.31' with options: None
2024-06-30 14:23:20.217 +04:00  INF  Executed DbCommand (2ms) [Parameters=[@p0='?' (DbType = DateTime2), @p1='?' (Size = 4000), @p2='?' (DbType = Int32), @p3='?' (DbType = Boolean)], CommandType='"Text"', CommandTimeout='30']
SET NOCOUNT ON;
INSERT INTO [Rooms] ([CreatedDate], [Name], [SeatCount], [SoftDelete])
VALUES (@p0, @p1, @p2, @p3);
SELECT [Id]
FROM [Rooms]
WHERE @@ROWCOUNT = 1 AND [Id] = scope_identity();
2024-06-30 14:23:20.221 +04:00  INF  Executing CreatedAtActionResult, writing value of type '<>f__AnonymousType0`1[[System.String, System.Private.CoreLib, Version=6.0.0.0, Culture=neutral, PublicKeyToken=7cec85d7bea7798e]]'.
2024-06-30 14:23:20.222 +04:00  INF  Executed action CourseApi.Controllers.Admin.RoomController.Create (CourseApi) in 30.921ms
2024-06-30 14:23:20.222 +04:00  INF  Executed endpoint 'CourseApi.Controllers.Admin.RoomController.Create (CourseApi)'
2024-06-30 14:23:20.222 +04:00  INF  Request finished HTTP/1.1 POST http://localhost:5114/api/admin/Room/Create application/json 38 - 201 - application/json;+charset=utf-8 34.5601ms
2024-06-30 14:24:13.155 +04:00  INF  Request starting HTTP/1.1 POST http://localhost:5114/api/admin/Group/Create application/json 74
2024-06-30 14:24:13.155 +04:00  INF  Executing endpoint 'CourseApi.Controllers.Admin.GroupController.Create (CourseApi)'
2024-06-30 14:24:13.157 +04:00  INF  Route matched with {action = "Create", controller = "Group"}. Executing controller action with signature System.Threading.Tasks.Task`1[Microsoft.AspNetCore.Mvc.IActionResult] Create(Service.DTOs.Groups.GroupCreateDto) on controller CourseApi.Controllers.Admin.GroupController (CourseApi).
2024-06-30 14:24:13.158 +04:00  INF  Entity Framework Core 6.0.31 initialized 'AppDbContext' using provider 'Microsoft.EntityFrameworkCore.SqlServer:6.0.31' with options: None
2024-06-30 14:24:13.213 +04:00  INF  Executed DbCommand (4ms) [Parameters=[@__id_0='?' (DbType = Int32)], CommandType='"Text"', CommandTimeout='30']
SELECT TOP(1) [r].[Id], [r].[CreatedDate], [r].[Name], [r].[SeatCount], [r].[SoftDelete]
FROM [Rooms] AS [r]
WHERE [r].[Id] = @__id_0
2024-06-30 14:24:13.236 +04:00  INF  Executed DbCommand (4ms) [Parameters=[@p0='?' (DbType = Int32), @p1='?' (DbType = DateTime2), @p2='?' (DbType = Int32), @p3='?' (Size = 100), @p4='?' (DbType = Int32), @p5='?' (DbType = Boolean), @p6='?' (DbType = Int32)], CommandType='"Text"', CommandTimeout='30']
SET NOCOUNT ON;
INSERT INTO [Groups] ([Capacity], [CreatedDate], [EducationId], [Name], [RoomId], [SoftDelete], [StudentCount])
VALUES (@p0, @p1, @p2, @p3, @p4, @p5, @p6);
SELECT [Id]
FROM [Groups]
WHERE @@ROWCOUNT = 1 AND [Id] = scope_identity();
2024-06-30 14:24:13.239 +04:00  INF  Executing CreatedAtActionResult, writing value of type '<>f__AnonymousType0`1[[System.String, System.Private.CoreLib, Version=6.0.0.0, Culture=neutral, PublicKeyToken=7cec85d7bea7798e]]'.
2024-06-30 14:24:13.239 +04:00  INF  Executed action CourseApi.Controllers.Admin.GroupController.Create (CourseApi) in 82.1238ms
2024-06-30 14:24:13.239 +04:00  INF  Executed endpoint 'CourseApi.Controllers.Admin.GroupController.Create (CourseApi)'
2024-06-30 14:24:13.239 +04:00  INF  Request finished HTTP/1.1 POST http://localhost:5114/api/admin/Group/Create application/json 74 - 201 - application/json;+charset=utf-8 84.4300ms
2024-06-30 14:24:19.472 +04:00  INF  Request starting HTTP/1.1 GET http://localhost:5114/api/admin/Group/GetAll - -
2024-06-30 14:24:19.473 +04:00  INF  Executing endpoint 'CourseApi.Controllers.Admin.GroupController.GetAll (CourseApi)'
2024-06-30 14:24:19.476 +04:00  INF  Route matched with {action = "GetAll", controller = "Group"}. Executing controller action with signature System.Threading.Tasks.Task`1[Microsoft.AspNetCore.Mvc.IActionResult] GetAll() on controller CourseApi.Controllers.Admin.GroupController (CourseApi).
2024-06-30 14:24:19.476 +04:00  INF  Entity Framework Core 6.0.31 initialized 'AppDbContext' using provider 'Microsoft.EntityFrameworkCore.SqlServer:6.0.31' with options: None
2024-06-30 14:24:19.477 +04:00  INF  Get All method is working
2024-06-30 14:24:19.540 +04:00  INF  Executed DbCommand (4ms) [Parameters=[], CommandType='"Text"', CommandTimeout='30']
SELECT [g].[Id], [g].[Capacity], [g].[CreatedDate], [g].[EducationId], [g].[Name], [g].[RoomId], [g].[SoftDelete], [g].[StudentCount], [g0].[Id], [g0].[GroupId], [g0].[StudentId]
FROM [Groups] AS [g]
LEFT JOIN [GroupStudents] AS [g0] ON [g].[Id] = [g0].[GroupId]
ORDER BY [g].[Id]
2024-06-30 14:24:19.545 +04:00  INF  Executing OkObjectResult, writing value of type 'System.Collections.Generic.List`1[[Service.DTOs.Groups.GroupDto, Service, Version=1.0.0.0, Culture=neutral, PublicKeyToken=null]]'.
2024-06-30 14:24:19.546 +04:00  INF  Executed action CourseApi.Controllers.Admin.GroupController.GetAll (CourseApi) in 70.2955ms
2024-06-30 14:24:19.546 +04:00  INF  Executed endpoint 'CourseApi.Controllers.Admin.GroupController.GetAll (CourseApi)'
2024-06-30 14:24:19.546 +04:00  INF  Request finished HTTP/1.1 GET http://localhost:5114/api/admin/Group/GetAll - - - 200 - application/json;+charset=utf-8 74.5422ms
2024-06-30 14:25:01.459 +04:00  INF  Request starting HTTP/1.1 POST http://localhost:5114/api/admin/Student/Create application/json 140
2024-06-30 14:25:01.460 +04:00  INF  Executing endpoint 'CourseApi.Controllers.Admin.StudentController.Create (CourseApi)'
2024-06-30 14:25:01.462 +04:00  INF  Route matched with {action = "Create", controller = "Student"}. Executing controller action with signature System.Threading.Tasks.Task`1[Microsoft.AspNetCore.Mvc.IActionResult] Create(Service.DTOs.Students.StudentCreateDto) on controller CourseApi.Controllers.Admin.StudentController (CourseApi).
2024-06-30 14:25:01.463 +04:00  INF  Entity Framework Core 6.0.31 initialized 'AppDbContext' using provider 'Microsoft.EntityFrameworkCore.SqlServer:6.0.31' with options: None
2024-06-30 14:25:01.494 +04:00  INF  Executed DbCommand (2ms) [Parameters=[@__item_0='?' (DbType = Int32)], CommandType='"Text"', CommandTimeout='30']
SELECT CASE
    WHEN EXISTS (
        SELECT 1
        FROM [Groups] AS [g]
        WHERE [g].[Id] = @__item_0) THEN CAST(1 AS bit)
    ELSE CAST(0 AS bit)
END
2024-06-30 14:25:01.498 +04:00  INF  Executed DbCommand (1ms) [Parameters=[@__item_0='?' (DbType = Int32)], CommandType='"Text"', CommandTimeout='30']
SELECT TOP(1) [g].[Id], [g].[Capacity], [g].[CreatedDate], [g].[EducationId], [g].[Name], [g].[RoomId], [g].[SoftDelete], [g].[StudentCount]
FROM [Groups] AS [g]
WHERE [g].[Id] = @__item_0
2024-06-30 14:25:01.503 +04:00  INF  Executed DbCommand (0ms) [Parameters=[@__item_0='?' (DbType = Int32)], CommandType='"Text"', CommandTimeout='30']
SELECT CASE
    WHEN EXISTS (
        SELECT 1
        FROM [Groups] AS [g]
        WHERE [g].[Id] = @__item_0) THEN CAST(1 AS bit)
    ELSE CAST(0 AS bit)
END
2024-06-30 14:25:01.503 +04:00  INF  Executed DbCommand (0ms) [Parameters=[@__item_0='?' (DbType = Int32)], CommandType='"Text"', CommandTimeout='30']
SELECT TOP(1) [g].[Id], [g].[Capacity], [g].[CreatedDate], [g].[EducationId], [g].[Name], [g].[RoomId], [g].[SoftDelete], [g].[StudentCount]
FROM [Groups] AS [g]
WHERE [g].[Id] = @__item_0
2024-06-30 14:25:01.512 +04:00  INF  Executed DbCommand (3ms) [Parameters=[@p7='?' (DbType = Int32), @p0='?' (DbType = Int32), @p1='?' (DbType = DateTime2), @p2='?' (DbType = Int32), @p3='?' (Size = 100), @p4='?' (DbType = Int32), @p5='?' (DbType = Boolean), @p6='?' (DbType = Int32)], CommandType='"Text"', CommandTimeout='30']
SET NOCOUNT ON;
UPDATE [Groups] SET [Capacity] = @p0, [CreatedDate] = @p1, [EducationId] = @p2, [Name] = @p3, [RoomId] = @p4, [SoftDelete] = @p5, [StudentCount] = @p6
WHERE [Id] = @p7;
SELECT @@ROWCOUNT;
2024-06-30 14:25:01.543 +04:00  INF  Executed DbCommand (4ms) [Parameters=[@p0='?' (Size = 4000), @p1='?' (DbType = Int32), @p2='?' (DbType = DateTime2), @p3='?' (Size = 4000), @p4='?' (Size = 100), @p5='?' (DbType = Boolean), @p6='?' (Size = 4000)], CommandType='"Text"', CommandTimeout='30']
SET NOCOUNT ON;
INSERT INTO [Students] ([Address], [Age], [CreatedDate], [Email], [Name], [SoftDelete], [SurName])
VALUES (@p0, @p1, @p2, @p3, @p4, @p5, @p6);
SELECT [Id]
FROM [Students]
WHERE @@ROWCOUNT = 1 AND [Id] = scope_identity();
2024-06-30 14:25:01.549 +04:00  INF  Executed DbCommand (2ms) [Parameters=[@p7='?' (DbType = Int32), @p8='?' (DbType = Int32)], CommandType='"Text"', CommandTimeout='30']
SET NOCOUNT ON;
INSERT INTO [GroupStudents] ([GroupId], [StudentId])
VALUES (@p7, @p8);
SELECT [Id]
FROM [GroupStudents]
WHERE @@ROWCOUNT = 1 AND [Id] = scope_identity();
2024-06-30 14:25:01.551 +04:00  INF  Executing CreatedAtActionResult, writing value of type '<>f__AnonymousType0`1[[System.String, System.Private.CoreLib, Version=6.0.0.0, Culture=neutral, PublicKeyToken=7cec85d7bea7798e]]'.
2024-06-30 14:25:01.552 +04:00  INF  Executed action CourseApi.Controllers.Admin.StudentController.Create (CourseApi) in 89.1974ms
2024-06-30 14:25:01.552 +04:00  INF  Executed endpoint 'CourseApi.Controllers.Admin.StudentController.Create (CourseApi)'
2024-06-30 14:25:01.552 +04:00  INF  Request finished HTTP/1.1 POST http://localhost:5114/api/admin/Student/Create application/json 140 - 201 - application/json;+charset=utf-8 92.4384ms
2024-06-30 14:25:06.491 +04:00  INF  Request starting HTTP/1.1 GET http://localhost:5114/api/admin/Student/GetAll - -
2024-06-30 14:25:06.493 +04:00  INF  Executing endpoint 'CourseApi.Controllers.Admin.StudentController.GetAll (CourseApi)'
2024-06-30 14:25:06.495 +04:00  INF  Route matched with {action = "GetAll", controller = "Student"}. Executing controller action with signature System.Threading.Tasks.Task`1[Microsoft.AspNetCore.Mvc.IActionResult] GetAll() on controller CourseApi.Controllers.Admin.StudentController (CourseApi).
2024-06-30 14:25:06.496 +04:00  INF  Entity Framework Core 6.0.31 initialized 'AppDbContext' using provider 'Microsoft.EntityFrameworkCore.SqlServer:6.0.31' with options: None
2024-06-30 14:25:06.496 +04:00  INF  Get All method is working
2024-06-30 14:25:06.537 +04:00  INF  Executed DbCommand (6ms) [Parameters=[], CommandType='"Text"', CommandTimeout='30']
SELECT [s].[Id], [s].[Address], [s].[Age], [s].[CreatedDate], [s].[Email], [s].[Name], [s].[SoftDelete], [s].[SurName], [t].[Id], [t].[GroupId], [t].[StudentId], [t].[Id0], [t].[Capacity], [t].[CreatedDate], [t].[EducationId], [t].[Name], [t].[RoomId], [t].[SoftDelete], [t].[StudentCount]
FROM [Students] AS [s]
LEFT JOIN (
    SELECT [g].[Id], [g].[GroupId], [g].[StudentId], [g0].[Id] AS [Id0], [g0].[Capacity], [g0].[CreatedDate], [g0].[EducationId], [g0].[Name], [g0].[RoomId], [g0].[SoftDelete], [g0].[StudentCount]
    FROM [GroupStudents] AS [g]
    INNER JOIN [Groups] AS [g0] ON [g].[GroupId] = [g0].[Id]
) AS [t] ON [s].[Id] = [t].[StudentId]
ORDER BY [s].[Id], [t].[Id]
2024-06-30 14:25:06.546 +04:00  INF  Executing OkObjectResult, writing value of type 'System.Collections.Generic.List`1[[Service.DTOs.Students.StudentDto, Service, Version=1.0.0.0, Culture=neutral, PublicKeyToken=null]]'.
2024-06-30 14:25:06.547 +04:00  INF  Executed action CourseApi.Controllers.Admin.StudentController.GetAll (CourseApi) in 52.4379ms
2024-06-30 14:25:06.547 +04:00  INF  Executed endpoint 'CourseApi.Controllers.Admin.StudentController.GetAll (CourseApi)'
2024-06-30 14:25:06.548 +04:00  INF  Request finished HTTP/1.1 GET http://localhost:5114/api/admin/Student/GetAll - - - 200 - application/json;+charset=utf-8 56.6848ms
2024-06-30 14:25:41.358 +04:00  INF  Request starting HTTP/1.1 POST http://localhost:5114/api/admin/Teacher/Create application/json 103
2024-06-30 14:25:41.358 +04:00  INF  Executing endpoint 'CourseApi.Controllers.Admin.TeacherController.Create (CourseApi)'
2024-06-30 14:25:41.362 +04:00  INF  Route matched with {action = "Create", controller = "Teacher"}. Executing controller action with signature System.Threading.Tasks.Task`1[Microsoft.AspNetCore.Mvc.IActionResult] Create(Service.DTOs.Teachers.TeacherCreateDto) on controller CourseApi.Controllers.Admin.TeacherController (CourseApi).
2024-06-30 14:25:41.363 +04:00  INF  Entity Framework Core 6.0.31 initialized 'AppDbContext' using provider 'Microsoft.EntityFrameworkCore.SqlServer:6.0.31' with options: None
2024-06-30 14:25:41.369 +04:00  INF  Executed DbCommand (1ms) [Parameters=[@__item_0='?' (DbType = Int32)], CommandType='"Text"', CommandTimeout='30']
SELECT CASE
    WHEN EXISTS (
        SELECT 1
        FROM [Groups] AS [g]
        WHERE [g].[Id] = @__item_0) THEN CAST(1 AS bit)
    ELSE CAST(0 AS bit)
END
2024-06-30 14:25:41.370 +04:00  INF  Executed DbCommand (0ms) [Parameters=[@__item_0='?' (DbType = Int32)], CommandType='"Text"', CommandTimeout='30']
SELECT TOP(1) [g].[Id], [g].[Capacity], [g].[CreatedDate], [g].[EducationId], [g].[Name], [g].[RoomId], [g].[SoftDelete], [g].[StudentCount]
FROM [Groups] AS [g]
WHERE [g].[Id] = @__item_0
2024-06-30 14:25:41.372 +04:00  INF  Executed DbCommand (0ms) [Parameters=[@__item_0='?' (DbType = Int32)], CommandType='"Text"', CommandTimeout='30']
SELECT CASE
    WHEN EXISTS (
        SELECT 1
        FROM [Groups] AS [g]
        WHERE [g].[Id] = @__item_0) THEN CAST(1 AS bit)
    ELSE CAST(0 AS bit)
END
2024-06-30 14:25:41.372 +04:00  INF  Executed DbCommand (0ms) [Parameters=[@__item_0='?' (DbType = Int32)], CommandType='"Text"', CommandTimeout='30']
SELECT TOP(1) [g].[Id], [g].[Capacity], [g].[CreatedDate], [g].[EducationId], [g].[Name], [g].[RoomId], [g].[SoftDelete], [g].[StudentCount]
FROM [Groups] AS [g]
WHERE [g].[Id] = @__item_0
2024-06-30 14:25:41.390 +04:00  INF  Executed DbCommand (2ms) [Parameters=[@p0='?' (DbType = Int32), @p1='?' (DbType = DateTime2), @p2='?' (Size = 4000), @p3='?' (DbType = Int32), @p4='?' (DbType = Boolean), @p5='?' (Size = 4000)], CommandType='"Text"', CommandTimeout='30']
SET NOCOUNT ON;
INSERT INTO [Teachers] ([Age], [CreatedDate], [Name], [Salary], [SoftDelete], [Surname])
VALUES (@p0, @p1, @p2, @p3, @p4, @p5);
SELECT [Id]
FROM [Teachers]
WHERE @@ROWCOUNT = 1 AND [Id] = scope_identity();
2024-06-30 14:25:41.393 +04:00  INF  Executed DbCommand (2ms) [Parameters=[@p6='?' (DbType = Int32), @p7='?' (DbType = Int32)], CommandType='"Text"', CommandTimeout='30']
SET NOCOUNT ON;
INSERT INTO [GroupTeachers] ([GroupId], [TeacherId])
VALUES (@p6, @p7);
SELECT [Id]
FROM [GroupTeachers]
WHERE @@ROWCOUNT = 1 AND [Id] = scope_identity();
2024-06-30 14:25:41.396 +04:00  INF  Executing CreatedAtActionResult, writing value of type '<>f__AnonymousType0`1[[System.String, System.Private.CoreLib, Version=6.0.0.0, Culture=neutral, PublicKeyToken=7cec85d7bea7798e]]'.
2024-06-30 14:25:41.396 +04:00  INF  Executed action CourseApi.Controllers.Admin.TeacherController.Create (CourseApi) in 33.7896ms
2024-06-30 14:25:41.396 +04:00  INF  Executed endpoint 'CourseApi.Controllers.Admin.TeacherController.Create (CourseApi)'
2024-06-30 14:25:41.396 +04:00  INF  Request finished HTTP/1.1 POST http://localhost:5114/api/admin/Teacher/Create application/json 103 - 201 - application/json;+charset=utf-8 38.5388ms
2024-06-30 14:26:04.189 +04:00  INF  Request starting HTTP/1.1 POST http://localhost:5114/api/admin/Teacher/Create application/json 101
2024-06-30 14:26:04.191 +04:00  INF  Executing endpoint 'CourseApi.Controllers.Admin.TeacherController.Create (CourseApi)'
2024-06-30 14:26:04.191 +04:00  INF  Route matched with {action = "Create", controller = "Teacher"}. Executing controller action with signature System.Threading.Tasks.Task`1[Microsoft.AspNetCore.Mvc.IActionResult] Create(Service.DTOs.Teachers.TeacherCreateDto) on controller CourseApi.Controllers.Admin.TeacherController (CourseApi).
2024-06-30 14:26:04.191 +04:00  INF  Entity Framework Core 6.0.31 initialized 'AppDbContext' using provider 'Microsoft.EntityFrameworkCore.SqlServer:6.0.31' with options: None
2024-06-30 14:26:04.193 +04:00  INF  Executed DbCommand (1ms) [Parameters=[@__item_0='?' (DbType = Int32)], CommandType='"Text"', CommandTimeout='30']
SELECT CASE
    WHEN EXISTS (
        SELECT 1
        FROM [Groups] AS [g]
        WHERE [g].[Id] = @__item_0) THEN CAST(1 AS bit)
    ELSE CAST(0 AS bit)
END
2024-06-30 14:26:04.195 +04:00  INF  Executed DbCommand (2ms) [Parameters=[@__item_0='?' (DbType = Int32)], CommandType='"Text"', CommandTimeout='30']
SELECT TOP(1) [g].[Id], [g].[Capacity], [g].[CreatedDate], [g].[EducationId], [g].[Name], [g].[RoomId], [g].[SoftDelete], [g].[StudentCount]
FROM [Groups] AS [g]
WHERE [g].[Id] = @__item_0
2024-06-30 14:26:04.196 +04:00  INF  Executed DbCommand (0ms) [Parameters=[@__item_0='?' (DbType = Int32)], CommandType='"Text"', CommandTimeout='30']
SELECT CASE
    WHEN EXISTS (
        SELECT 1
        FROM [Groups] AS [g]
        WHERE [g].[Id] = @__item_0) THEN CAST(1 AS bit)
    ELSE CAST(0 AS bit)
END
2024-06-30 14:26:04.197 +04:00  INF  Executed DbCommand (0ms) [Parameters=[@__item_0='?' (DbType = Int32)], CommandType='"Text"', CommandTimeout='30']
SELECT TOP(1) [g].[Id], [g].[Capacity], [g].[CreatedDate], [g].[EducationId], [g].[Name], [g].[RoomId], [g].[SoftDelete], [g].[StudentCount]
FROM [Groups] AS [g]
WHERE [g].[Id] = @__item_0
2024-06-30 14:26:04.199 +04:00  INF  Executed DbCommand (0ms) [Parameters=[@p0='?' (DbType = Int32), @p1='?' (DbType = DateTime2), @p2='?' (Size = 4000), @p3='?' (DbType = Int32), @p4='?' (DbType = Boolean), @p5='?' (Size = 4000)], CommandType='"Text"', CommandTimeout='30']
SET NOCOUNT ON;
INSERT INTO [Teachers] ([Age], [CreatedDate], [Name], [Salary], [SoftDelete], [Surname])
VALUES (@p0, @p1, @p2, @p3, @p4, @p5);
SELECT [Id]
FROM [Teachers]
WHERE @@ROWCOUNT = 1 AND [Id] = scope_identity();
2024-06-30 14:26:04.200 +04:00  INF  Executed DbCommand (0ms) [Parameters=[@p6='?' (DbType = Int32), @p7='?' (DbType = Int32)], CommandType='"Text"', CommandTimeout='30']
SET NOCOUNT ON;
INSERT INTO [GroupTeachers] ([GroupId], [TeacherId])
VALUES (@p6, @p7);
SELECT [Id]
FROM [GroupTeachers]
WHERE @@ROWCOUNT = 1 AND [Id] = scope_identity();
2024-06-30 14:26:04.203 +04:00  INF  Executing CreatedAtActionResult, writing value of type '<>f__AnonymousType0`1[[System.String, System.Private.CoreLib, Version=6.0.0.0, Culture=neutral, PublicKeyToken=7cec85d7bea7798e]]'.
2024-06-30 14:26:04.204 +04:00  INF  Executed action CourseApi.Controllers.Admin.TeacherController.Create (CourseApi) in 12.7711ms
2024-06-30 14:26:04.204 +04:00  INF  Executed endpoint 'CourseApi.Controllers.Admin.TeacherController.Create (CourseApi)'
2024-06-30 14:26:04.204 +04:00  INF  Request finished HTTP/1.1 POST http://localhost:5114/api/admin/Teacher/Create application/json 101 - 201 - application/json;+charset=utf-8 15.0482ms
2024-06-30 14:26:13.875 +04:00  INF  Request starting HTTP/1.1 GET http://localhost:5114/api/admin/Teacher/GetAll - -
2024-06-30 14:26:13.875 +04:00  INF  Executing endpoint 'CourseApi.Controllers.Admin.TeacherController.GetAll (CourseApi)'
2024-06-30 14:26:13.878 +04:00  INF  Route matched with {action = "GetAll", controller = "Teacher"}. Executing controller action with signature System.Threading.Tasks.Task`1[Microsoft.AspNetCore.Mvc.IActionResult] GetAll() on controller CourseApi.Controllers.Admin.TeacherController (CourseApi).
2024-06-30 14:26:13.887 +04:00  INF  Entity Framework Core 6.0.31 initialized 'AppDbContext' using provider 'Microsoft.EntityFrameworkCore.SqlServer:6.0.31' with options: None
2024-06-30 14:26:13.889 +04:00  INF  Get All method is working
2024-06-30 14:26:13.909 +04:00  INF  Executed DbCommand (8ms) [Parameters=[], CommandType='"Text"', CommandTimeout='30']
SELECT [t].[Id], [t].[Age], [t].[CreatedDate], [t].[Name], [t].[Salary], [t].[SoftDelete], [t].[Surname], [t0].[Id], [t0].[GroupId], [t0].[TeacherId], [t0].[Id0], [t0].[Capacity], [t0].[CreatedDate], [t0].[EducationId], [t0].[Name], [t0].[RoomId], [t0].[SoftDelete], [t0].[StudentCount]
FROM [Teachers] AS [t]
LEFT JOIN (
    SELECT [g].[Id], [g].[GroupId], [g].[TeacherId], [g0].[Id] AS [Id0], [g0].[Capacity], [g0].[CreatedDate], [g0].[EducationId], [g0].[Name], [g0].[RoomId], [g0].[SoftDelete], [g0].[StudentCount]
    FROM [GroupTeachers] AS [g]
    INNER JOIN [Groups] AS [g0] ON [g].[GroupId] = [g0].[Id]
) AS [t0] ON [t].[Id] = [t0].[TeacherId]
ORDER BY [t].[Id], [t0].[Id]
2024-06-30 14:26:13.915 +04:00  INF  Executing OkObjectResult, writing value of type 'System.Collections.Generic.List`1[[Service.DTOs.Teachers.TeacherDto, Service, Version=1.0.0.0, Culture=neutral, PublicKeyToken=null]]'.
2024-06-30 14:26:13.916 +04:00  INF  Executed action CourseApi.Controllers.Admin.TeacherController.GetAll (CourseApi) in 38.0248ms
2024-06-30 14:26:13.916 +04:00  INF  Executed endpoint 'CourseApi.Controllers.Admin.TeacherController.GetAll (CourseApi)'
2024-06-30 14:26:13.916 +04:00  INF  Request finished HTTP/1.1 GET http://localhost:5114/api/admin/Teacher/GetAll - - - 200 - application/json;+charset=utf-8 40.7658ms
2024-06-30 14:26:36.938 +04:00  INF  Now listening on: http://localhost:5114
2024-06-30 14:26:36.964 +04:00  INF  Application started. Press Ctrl+C to shut down.
2024-06-30 14:26:36.964 +04:00  INF  Hosting environment: Development
2024-06-30 14:26:36.964 +04:00  INF  Content root path: C:\Users\Rashad\OneDrive\Desktop\PB101\code\Githuba qoyulanlar\ASP.CORE-API\CourseAppApiWithArchitecture\CourseApi\CourseApi\
