2024-06-29 17:55:36.955 +04:00  INF  Entity Framework Core 6.0.31 initialized 'AppDbContext' using provider 'Microsoft.EntityFrameworkCore.SqlServer:6.0.31' with options: None
2024-06-29 17:55:50.372 +04:00  INF  Entity Framework Core 6.0.31 initialized 'AppDbContext' using provider 'Microsoft.EntityFrameworkCore.SqlServer:6.0.31' with options: None
2024-06-29 17:55:50.768 +04:00  INF  Executed DbCommand (17ms) [Parameters=[], CommandType='"Text"', CommandTimeout='30']
SELECT 1
2024-06-29 17:55:50.798 +04:00  INF  Executed DbCommand (12ms) [Parameters=[], CommandType='"Text"', CommandTimeout='30']
SELECT OBJECT_ID(N'[__EFMigrationsHistory]');
2024-06-29 17:55:50.801 +04:00  INF  Executed DbCommand (1ms) [Parameters=[], CommandType='"Text"', CommandTimeout='30']
SELECT 1
2024-06-29 17:55:50.802 +04:00  INF  Executed DbCommand (0ms) [Parameters=[], CommandType='"Text"', CommandTimeout='30']
SELECT OBJECT_ID(N'[__EFMigrationsHistory]');
2024-06-29 17:55:50.828 +04:00  INF  Executed DbCommand (10ms) [Parameters=[], CommandType='"Text"', CommandTimeout='30']
SELECT [MigrationId], [ProductVersion]
FROM [__EFMigrationsHistory]
ORDER BY [MigrationId];
2024-06-29 17:55:50.846 +04:00  INF  Applying migration '20240629135537_CreatedAllTables'.
2024-06-29 17:55:50.934 +04:00  INF  Executed DbCommand (23ms) [Parameters=[], CommandType='"Text"', CommandTimeout='30']
ALTER TABLE [Groups] ADD [EducationId] int NOT NULL DEFAULT 0;
2024-06-29 17:55:50.940 +04:00  INF  Executed DbCommand (5ms) [Parameters=[], CommandType='"Text"', CommandTimeout='30']
ALTER TABLE [Groups] ADD [RoomId] int NOT NULL DEFAULT 0;
2024-06-29 17:55:50.945 +04:00  INF  Executed DbCommand (5ms) [Parameters=[], CommandType='"Text"', CommandTimeout='30']
ALTER TABLE [Groups] ADD [TeacherId] int NOT NULL DEFAULT 0;
2024-06-29 17:55:50.949 +04:00  INF  Executed DbCommand (4ms) [Parameters=[], CommandType='"Text"', CommandTimeout='30']
CREATE TABLE [Education] (
    [Id] int NOT NULL IDENTITY,
    [Name] nvarchar(max) NOT NULL,
    [GroupId] int NOT NULL,
    [SoftDelete] bit NOT NULL,
    [CreatedDate] datetime2 NOT NULL,
    CONSTRAINT [PK_Education] PRIMARY KEY ([Id])
);
2024-06-29 17:55:50.953 +04:00  INF  Executed DbCommand (3ms) [Parameters=[], CommandType='"Text"', CommandTimeout='30']
CREATE TABLE [Room] (
    [Id] int NOT NULL IDENTITY,
    [Name] nvarchar(max) NOT NULL,
    [SeatCount] int NOT NULL,
    [GroupId] int NOT NULL,
    [SoftDelete] bit NOT NULL,
    [CreatedDate] datetime2 NOT NULL,
    CONSTRAINT [PK_Room] PRIMARY KEY ([Id])
);
2024-06-29 17:55:50.957 +04:00  INF  Executed DbCommand (4ms) [Parameters=[], CommandType='"Text"', CommandTimeout='30']
CREATE TABLE [Teacher] (
    [Id] int NOT NULL IDENTITY,
    [Name] nvarchar(max) NOT NULL,
    [Surname] nvarchar(max) NOT NULL,
    [Salary] int NOT NULL,
    [Age] int NOT NULL,
    [GroupId] int NOT NULL,
    [SoftDelete] bit NOT NULL,
    [CreatedDate] datetime2 NOT NULL,
    CONSTRAINT [PK_Teacher] PRIMARY KEY ([Id])
);
2024-06-29 17:55:50.977 +04:00  INF  Executed DbCommand (20ms) [Parameters=[], CommandType='"Text"', CommandTimeout='30']
CREATE INDEX [IX_Groups_EducationId] ON [Groups] ([EducationId]);
2024-06-29 17:55:50.981 +04:00  INF  Executed DbCommand (3ms) [Parameters=[], CommandType='"Text"', CommandTimeout='30']
CREATE INDEX [IX_Groups_RoomId] ON [Groups] ([RoomId]);
2024-06-29 17:55:50.986 +04:00  INF  Executed DbCommand (4ms) [Parameters=[], CommandType='"Text"', CommandTimeout='30']
CREATE INDEX [IX_Groups_TeacherId] ON [Groups] ([TeacherId]);
2024-06-29 17:55:51.004 +04:00  ERR  Failed executing DbCommand (17ms) [Parameters=[], CommandType='"Text"', CommandTimeout='30']
ALTER TABLE [Groups] ADD CONSTRAINT [FK_Groups_Education_EducationId] FOREIGN KEY ([EducationId]) REFERENCES [Education] ([Id]) ON DELETE CASCADE;
