2024-06-30 02:27:17.704 +04:00  INF  Now listening on: http://localhost:5114
2024-06-30 02:27:17.732 +04:00  INF  Application started. Press Ctrl+C to shut down.
2024-06-30 02:27:17.732 +04:00  INF  Hosting environment: Development
2024-06-30 02:27:17.733 +04:00  INF  Content root path: C:\Users\Rashad\OneDrive\Desktop\CourseAPI\CourseApi\CourseApi\
2024-06-30 02:27:17.863 +04:00  INF  Request starting HTTP/1.1 GET http://localhost:5114/swagger/index.html - -
2024-06-30 02:27:18.029 +04:00  INF  Request finished HTTP/1.1 GET http://localhost:5114/swagger/index.html - - - 200 - text/html;charset=utf-8 168.7809ms
2024-06-30 02:27:18.045 +04:00  INF  Request starting HTTP/1.1 GET http://localhost:5114/_framework/aspnetcore-browser-refresh.js - -
2024-06-30 02:27:18.047 +04:00  INF  Request finished HTTP/1.1 GET http://localhost:5114/_framework/aspnetcore-browser-refresh.js - - - 200 11988 application/javascript;+charset=utf-8 1.3216ms
2024-06-30 02:27:18.048 +04:00  INF  Request starting HTTP/1.1 GET http://localhost:5114/_vs/browserLink - -
2024-06-30 02:27:18.079 +04:00  INF  Request finished HTTP/1.1 GET http://localhost:5114/_vs/browserLink - - - 200 - text/javascript;+charset=UTF-8 30.9649ms
2024-06-30 02:27:18.111 +04:00  INF  Request starting HTTP/1.1 GET http://localhost:5114/swagger/index.html - -
2024-06-30 02:27:18.112 +04:00  INF  Request finished HTTP/1.1 GET http://localhost:5114/swagger/index.html - - - 200 - text/html;charset=utf-8 0.8328ms
2024-06-30 02:27:18.170 +04:00  INF  Request starting HTTP/1.1 GET http://localhost:5114/swagger/v1/swagger.json - -
2024-06-30 02:27:18.274 +04:00  INF  Request finished HTTP/1.1 GET http://localhost:5114/swagger/v1/swagger.json - - - 200 - application/json;charset=utf-8 103.9662ms
2024-06-30 02:27:37.855 +04:00  INF  Now listening on: http://localhost:5114
2024-06-30 02:27:37.891 +04:00  INF  Application started. Press Ctrl+C to shut down.
2024-06-30 02:27:37.891 +04:00  INF  Hosting environment: Development
2024-06-30 02:27:37.891 +04:00  INF  Content root path: C:\Users\Rashad\OneDrive\Desktop\CourseAPI\CourseApi\CourseApi\
2024-06-30 02:27:38.231 +04:00  INF  Request starting HTTP/1.1 GET http://localhost:5114/swagger/index.html - -
2024-06-30 02:27:38.394 +04:00  INF  Request finished HTTP/1.1 GET http://localhost:5114/swagger/index.html - - - 200 - text/html;charset=utf-8 165.9952ms
2024-06-30 02:27:38.406 +04:00  INF  Request starting HTTP/1.1 GET http://localhost:5114/_framework/aspnetcore-browser-refresh.js - -
2024-06-30 02:27:38.408 +04:00  INF  Request finished HTTP/1.1 GET http://localhost:5114/_framework/aspnetcore-browser-refresh.js - - - 200 11988 application/javascript;+charset=utf-8 1.5850ms
2024-06-30 02:27:38.414 +04:00  INF  Request starting HTTP/1.1 GET http://localhost:5114/_vs/browserLink - -
2024-06-30 02:27:38.448 +04:00  INF  Request finished HTTP/1.1 GET http://localhost:5114/_vs/browserLink - - - 200 - text/javascript;+charset=UTF-8 33.4946ms
2024-06-30 02:27:38.572 +04:00  INF  Request starting HTTP/1.1 GET http://localhost:5114/swagger/index.html - -
2024-06-30 02:27:38.573 +04:00  INF  Request finished HTTP/1.1 GET http://localhost:5114/swagger/index.html - - - 200 - text/html;charset=utf-8 0.9148ms
2024-06-30 02:27:38.648 +04:00  INF  Request starting HTTP/1.1 GET http://localhost:5114/swagger/v1/swagger.json - -
2024-06-30 02:27:38.757 +04:00  INF  Request finished HTTP/1.1 GET http://localhost:5114/swagger/v1/swagger.json - - - 200 - application/json;charset=utf-8 108.2510ms
2024-06-30 02:27:44.310 +04:00  INF  Request starting HTTP/1.1 GET http://localhost:5114/api/admin/Group/GetAll - -
2024-06-30 02:27:44.319 +04:00  WRN  Failed to determine the https port for redirect.
2024-06-30 02:27:44.322 +04:00  INF  Executing endpoint 'CourseApi.Controllers.Admin.GroupController.GetAll (CourseApi)'
2024-06-30 02:27:44.336 +04:00  INF  Route matched with {action = "GetAll", controller = "Group"}. Executing controller action with signature System.Threading.Tasks.Task`1[Microsoft.AspNetCore.Mvc.IActionResult] GetAll() on controller CourseApi.Controllers.Admin.GroupController (CourseApi).
2024-06-30 02:27:45.073 +04:00  INF  Entity Framework Core 6.0.31 initialized 'AppDbContext' using provider 'Microsoft.EntityFrameworkCore.SqlServer:6.0.31' with options: None
2024-06-30 02:27:45.075 +04:00  INF  Get All method is working
2024-06-30 02:27:45.564 +04:00  INF  Executed DbCommand (28ms) [Parameters=[], CommandType='"Text"', CommandTimeout='30']
SELECT [g].[Id], [g].[Capacity], [g].[CreatedDate], [g].[EducationId], [g].[Name], [g].[RoomId], [g].[SoftDelete], [g].[StudentCount], [g0].[Id], [g0].[GroupId], [g0].[StudentId]
FROM [Groups] AS [g]
LEFT JOIN [GroupStudents] AS [g0] ON [g].[Id] = [g0].[GroupId]
ORDER BY [g].[Id]
2024-06-30 02:27:45.601 +04:00  INF  Executing OkObjectResult, writing value of type 'System.Collections.Generic.List`1[[Service.DTOs.Groups.GroupDto, Service, Version=1.0.0.0, Culture=neutral, PublicKeyToken=null]]'.
2024-06-30 02:27:45.609 +04:00  INF  Executed action CourseApi.Controllers.Admin.GroupController.GetAll (CourseApi) in 1266.4661ms
2024-06-30 02:27:45.609 +04:00  INF  Executed endpoint 'CourseApi.Controllers.Admin.GroupController.GetAll (CourseApi)'
2024-06-30 02:27:45.614 +04:00  INF  Request finished HTTP/1.1 GET http://localhost:5114/api/admin/Group/GetAll - - - 200 - application/json;+charset=utf-8 1304.0619ms
2024-06-30 02:28:16.521 +04:00  INF  Request starting HTTP/1.1 POST http://localhost:5114/api/admin/Education/Create application/json 27
2024-06-30 02:28:16.523 +04:00  INF  Executing endpoint 'CourseApi.Controllers.Admin.EducationController.Create (CourseApi)'
2024-06-30 02:28:16.534 +04:00  INF  Route matched with {action = "Create", controller = "Education"}. Executing controller action with signature System.Threading.Tasks.Task`1[Microsoft.AspNetCore.Mvc.IActionResult] Create(Service.DTOs.Educations.EducationCreateDto) on controller CourseApi.Controllers.Admin.EducationController (CourseApi).
2024-06-30 02:28:16.568 +04:00  INF  Entity Framework Core 6.0.31 initialized 'AppDbContext' using provider 'Microsoft.EntityFrameworkCore.SqlServer:6.0.31' with options: None
2024-06-30 02:28:16.752 +04:00  INF  Executed DbCommand (21ms) [Parameters=[@p0='?' (DbType = DateTime2), @p1='?' (DbType = Int32), @p2='?' (Size = 4000), @p3='?' (DbType = Boolean)], CommandType='"Text"', CommandTimeout='30']
SET NOCOUNT ON;
INSERT INTO [Educations] ([CreatedDate], [GroupId], [Name], [SoftDelete])
VALUES (@p0, @p1, @p2, @p3);
SELECT [Id]
FROM [Educations]
WHERE @@ROWCOUNT = 1 AND [Id] = scope_identity();
2024-06-30 02:28:16.840 +04:00  INF  Executing CreatedAtActionResult, writing value of type '<>f__AnonymousType0`1[[System.String, System.Private.CoreLib, Version=6.0.0.0, Culture=neutral, PublicKeyToken=7cec85d7bea7798e]]'.
2024-06-30 02:28:16.855 +04:00  INF  Executed action CourseApi.Controllers.Admin.EducationController.Create (CourseApi) in 321.2443ms
2024-06-30 02:28:16.855 +04:00  INF  Executed endpoint 'CourseApi.Controllers.Admin.EducationController.Create (CourseApi)'
2024-06-30 02:28:16.856 +04:00  INF  Request finished HTTP/1.1 POST http://localhost:5114/api/admin/Education/Create application/json 27 - 201 - application/json;+charset=utf-8 334.5401ms
2024-06-30 02:28:21.951 +04:00  INF  Request starting HTTP/1.1 GET http://localhost:5114/api/admin/Education/GetAll - -
2024-06-30 02:28:21.953 +04:00  INF  Executing endpoint 'CourseApi.Controllers.Admin.EducationController.GetAll (CourseApi)'
2024-06-30 02:28:21.963 +04:00  INF  Route matched with {action = "GetAll", controller = "Education"}. Executing controller action with signature System.Threading.Tasks.Task`1[Microsoft.AspNetCore.Mvc.IActionResult] GetAll() on controller CourseApi.Controllers.Admin.EducationController (CourseApi).
2024-06-30 02:28:21.973 +04:00  INF  Entity Framework Core 6.0.31 initialized 'AppDbContext' using provider 'Microsoft.EntityFrameworkCore.SqlServer:6.0.31' with options: None
2024-06-30 02:28:21.973 +04:00  INF  Get All method is working
2024-06-30 02:28:21.983 +04:00  INF  Executed DbCommand (3ms) [Parameters=[], CommandType='"Text"', CommandTimeout='30']
SELECT [e].[Id], [e].[CreatedDate], [e].[GroupId], [e].[Name], [e].[SoftDelete]
FROM [Educations] AS [e]
2024-06-30 02:28:21.988 +04:00  INF  Executing OkObjectResult, writing value of type 'System.Collections.Generic.List`1[[Service.DTOs.Educations.EducationDto, Service, Version=1.0.0.0, Culture=neutral, PublicKeyToken=null]]'.
2024-06-30 02:28:21.989 +04:00  INF  Executed action CourseApi.Controllers.Admin.EducationController.GetAll (CourseApi) in 25.4554ms
2024-06-30 02:28:21.989 +04:00  INF  Executed endpoint 'CourseApi.Controllers.Admin.EducationController.GetAll (CourseApi)'
2024-06-30 02:28:21.989 +04:00  INF  Request finished HTTP/1.1 GET http://localhost:5114/api/admin/Education/GetAll - - - 200 - application/json;+charset=utf-8 37.4078ms
2024-06-30 02:28:42.754 +04:00  INF  Request starting HTTP/1.1 POST http://localhost:5114/api/admin/Room/Create application/json 38
2024-06-30 02:28:42.754 +04:00  INF  Executing endpoint 'CourseApi.Controllers.Admin.RoomController.Create (CourseApi)'
2024-06-30 02:28:42.758 +04:00  INF  Route matched with {action = "Create", controller = "Room"}. Executing controller action with signature System.Threading.Tasks.Task`1[Microsoft.AspNetCore.Mvc.IActionResult] Create(Service.DTOs.Room.RoomCreateDto) on controller CourseApi.Controllers.Admin.RoomController (CourseApi).
2024-06-30 02:28:42.759 +04:00  INF  Entity Framework Core 6.0.31 initialized 'AppDbContext' using provider 'Microsoft.EntityFrameworkCore.SqlServer:6.0.31' with options: None
2024-06-30 02:28:42.777 +04:00  INF  Executed DbCommand (4ms) [Parameters=[@p0='?' (DbType = DateTime2), @p1='?' (DbType = Int32), @p2='?' (Size = 4000), @p3='?' (DbType = Int32), @p4='?' (DbType = Boolean)], CommandType='"Text"', CommandTimeout='30']
SET NOCOUNT ON;
INSERT INTO [Rooms] ([CreatedDate], [GroupId], [Name], [SeatCount], [SoftDelete])
VALUES (@p0, @p1, @p2, @p3, @p4);
SELECT [Id]
FROM [Rooms]
WHERE @@ROWCOUNT = 1 AND [Id] = scope_identity();
2024-06-30 02:28:42.828 +04:00  INF  Executing CreatedAtActionResult, writing value of type '<>f__AnonymousType0`1[[System.String, System.Private.CoreLib, Version=6.0.0.0, Culture=neutral, PublicKeyToken=7cec85d7bea7798e]]'.
2024-06-30 02:28:42.828 +04:00  INF  Executed action CourseApi.Controllers.Admin.RoomController.Create (CourseApi) in 70.056ms
2024-06-30 02:28:42.828 +04:00  INF  Executed endpoint 'CourseApi.Controllers.Admin.RoomController.Create (CourseApi)'
2024-06-30 02:28:42.828 +04:00  INF  Request finished HTTP/1.1 POST http://localhost:5114/api/admin/Room/Create application/json 38 - 201 - application/json;+charset=utf-8 74.2151ms
2024-06-30 02:28:44.246 +04:00  INF  Request starting HTTP/1.1 POST http://localhost:5114/api/admin/Room/Create application/json 38
2024-06-30 02:28:44.248 +04:00  INF  Executing endpoint 'CourseApi.Controllers.Admin.RoomController.Create (CourseApi)'
2024-06-30 02:28:44.248 +04:00  INF  Route matched with {action = "Create", controller = "Room"}. Executing controller action with signature System.Threading.Tasks.Task`1[Microsoft.AspNetCore.Mvc.IActionResult] Create(Service.DTOs.Room.RoomCreateDto) on controller CourseApi.Controllers.Admin.RoomController (CourseApi).
2024-06-30 02:28:44.248 +04:00  INF  Entity Framework Core 6.0.31 initialized 'AppDbContext' using provider 'Microsoft.EntityFrameworkCore.SqlServer:6.0.31' with options: None
2024-06-30 02:28:44.259 +04:00  INF  Executed DbCommand (1ms) [Parameters=[@p0='?' (DbType = DateTime2), @p1='?' (DbType = Int32), @p2='?' (Size = 4000), @p3='?' (DbType = Int32), @p4='?' (DbType = Boolean)], CommandType='"Text"', CommandTimeout='30']
SET NOCOUNT ON;
INSERT INTO [Rooms] ([CreatedDate], [GroupId], [Name], [SeatCount], [SoftDelete])
VALUES (@p0, @p1, @p2, @p3, @p4);
SELECT [Id]
FROM [Rooms]
WHERE @@ROWCOUNT = 1 AND [Id] = scope_identity();
2024-06-30 02:28:44.261 +04:00  INF  Executing CreatedAtActionResult, writing value of type '<>f__AnonymousType0`1[[System.String, System.Private.CoreLib, Version=6.0.0.0, Culture=neutral, PublicKeyToken=7cec85d7bea7798e]]'.
2024-06-30 02:28:44.262 +04:00  INF  Executed action CourseApi.Controllers.Admin.RoomController.Create (CourseApi) in 13.8536ms
2024-06-30 02:28:44.262 +04:00  INF  Executed endpoint 'CourseApi.Controllers.Admin.RoomController.Create (CourseApi)'
2024-06-30 02:28:44.262 +04:00  INF  Request finished HTTP/1.1 POST http://localhost:5114/api/admin/Room/Create application/json 38 - 201 - application/json;+charset=utf-8 16.0993ms
2024-06-30 02:28:51.305 +04:00  INF  Request starting HTTP/1.1 GET http://localhost:5114/api/admin/Room/GetAll - -
2024-06-30 02:28:51.305 +04:00  INF  Executing endpoint 'CourseApi.Controllers.Admin.RoomController.GetAll (CourseApi)'
2024-06-30 02:28:51.307 +04:00  INF  Route matched with {action = "GetAll", controller = "Room"}. Executing controller action with signature System.Threading.Tasks.Task`1[Microsoft.AspNetCore.Mvc.IActionResult] GetAll() on controller CourseApi.Controllers.Admin.RoomController (CourseApi).
2024-06-30 02:28:51.310 +04:00  INF  Entity Framework Core 6.0.31 initialized 'AppDbContext' using provider 'Microsoft.EntityFrameworkCore.SqlServer:6.0.31' with options: None
2024-06-30 02:28:51.311 +04:00  INF  Get All method is working
2024-06-30 02:28:51.318 +04:00  INF  Executed DbCommand (2ms) [Parameters=[], CommandType='"Text"', CommandTimeout='30']
SELECT [r].[Id], [r].[CreatedDate], [r].[GroupId], [r].[Name], [r].[SeatCount], [r].[SoftDelete]
FROM [Rooms] AS [r]
2024-06-30 02:28:51.322 +04:00  INF  Executing OkObjectResult, writing value of type 'System.Collections.Generic.List`1[[Service.DTOs.Room.RoomDto, Service, Version=1.0.0.0, Culture=neutral, PublicKeyToken=null]]'.
2024-06-30 02:28:51.323 +04:00  INF  Executed action CourseApi.Controllers.Admin.RoomController.GetAll (CourseApi) in 15.4656ms
2024-06-30 02:28:51.323 +04:00  INF  Executed endpoint 'CourseApi.Controllers.Admin.RoomController.GetAll (CourseApi)'
2024-06-30 02:28:51.323 +04:00  INF  Request finished HTTP/1.1 GET http://localhost:5114/api/admin/Room/GetAll - - - 200 - application/json;+charset=utf-8 18.4729ms
2024-06-30 02:29:15.343 +04:00  INF  Request starting HTTP/1.1 POST http://localhost:5114/api/admin/Group/Create application/json 72
2024-06-30 02:29:15.345 +04:00  INF  Executing endpoint 'CourseApi.Controllers.Admin.GroupController.Create (CourseApi)'
2024-06-30 02:29:15.347 +04:00  INF  Route matched with {action = "Create", controller = "Group"}. Executing controller action with signature System.Threading.Tasks.Task`1[Microsoft.AspNetCore.Mvc.IActionResult] Create(Service.DTOs.Groups.GroupCreateDto) on controller CourseApi.Controllers.Admin.GroupController (CourseApi).
2024-06-30 02:29:15.348 +04:00  INF  Entity Framework Core 6.0.31 initialized 'AppDbContext' using provider 'Microsoft.EntityFrameworkCore.SqlServer:6.0.31' with options: None
2024-06-30 02:29:15.415 +04:00  INF  Executed DbCommand (53ms) [Parameters=[@__id_0='?' (DbType = Int32)], CommandType='"Text"', CommandTimeout='30']
SELECT TOP(1) [r].[Id], [r].[CreatedDate], [r].[GroupId], [r].[Name], [r].[SeatCount], [r].[SoftDelete]
FROM [Rooms] AS [r]
WHERE [r].[Id] = @__id_0
2024-06-30 02:29:15.452 +04:00  INF  Executed DbCommand (6ms) [Parameters=[@p0='?' (DbType = Int32), @p1='?' (DbType = DateTime2), @p2='?' (DbType = Int32), @p3='?' (Size = 100), @p4='?' (DbType = Int32), @p5='?' (DbType = Boolean), @p6='?' (DbType = Int32)], CommandType='"Text"', CommandTimeout='30']
SET NOCOUNT ON;
INSERT INTO [Groups] ([Capacity], [CreatedDate], [EducationId], [Name], [RoomId], [SoftDelete], [StudentCount])
VALUES (@p0, @p1, @p2, @p3, @p4, @p5, @p6);
SELECT [Id]
FROM [Groups]
WHERE @@ROWCOUNT = 1 AND [Id] = scope_identity();
2024-06-30 02:29:15.454 +04:00  INF  Executing CreatedAtActionResult, writing value of type '<>f__AnonymousType0`1[[System.String, System.Private.CoreLib, Version=6.0.0.0, Culture=neutral, PublicKeyToken=7cec85d7bea7798e]]'.
2024-06-30 02:29:15.455 +04:00  INF  Executed action CourseApi.Controllers.Admin.GroupController.Create (CourseApi) in 107.4982ms
2024-06-30 02:29:15.455 +04:00  INF  Executed endpoint 'CourseApi.Controllers.Admin.GroupController.Create (CourseApi)'
2024-06-30 02:29:15.455 +04:00  INF  Request finished HTTP/1.1 POST http://localhost:5114/api/admin/Group/Create application/json 72 - 201 - application/json;+charset=utf-8 111.4079ms
2024-06-30 02:29:56.666 +04:00  INF  Request starting HTTP/1.1 GET http://localhost:5114/api/admin/Group/GetAll - -
2024-06-30 02:29:56.666 +04:00  INF  Executing endpoint 'CourseApi.Controllers.Admin.GroupController.GetAll (CourseApi)'
2024-06-30 02:29:56.666 +04:00  INF  Route matched with {action = "GetAll", controller = "Group"}. Executing controller action with signature System.Threading.Tasks.Task`1[Microsoft.AspNetCore.Mvc.IActionResult] GetAll() on controller CourseApi.Controllers.Admin.GroupController (CourseApi).
2024-06-30 02:29:56.668 +04:00  INF  Entity Framework Core 6.0.31 initialized 'AppDbContext' using provider 'Microsoft.EntityFrameworkCore.SqlServer:6.0.31' with options: None
2024-06-30 02:29:56.669 +04:00  INF  Get All method is working
2024-06-30 02:29:56.725 +04:00  INF  Executed DbCommand (54ms) [Parameters=[], CommandType='"Text"', CommandTimeout='30']
SELECT [g].[Id], [g].[Capacity], [g].[CreatedDate], [g].[EducationId], [g].[Name], [g].[RoomId], [g].[SoftDelete], [g].[StudentCount], [g0].[Id], [g0].[GroupId], [g0].[StudentId]
FROM [Groups] AS [g]
LEFT JOIN [GroupStudents] AS [g0] ON [g].[Id] = [g0].[GroupId]
ORDER BY [g].[Id]
2024-06-30 02:29:56.730 +04:00  INF  Executing OkObjectResult, writing value of type 'System.Collections.Generic.List`1[[Service.DTOs.Groups.GroupDto, Service, Version=1.0.0.0, Culture=neutral, PublicKeyToken=null]]'.
2024-06-30 02:29:56.731 +04:00  INF  Executed action CourseApi.Controllers.Admin.GroupController.GetAll (CourseApi) in 64.6068ms
2024-06-30 02:29:56.731 +04:00  INF  Executed endpoint 'CourseApi.Controllers.Admin.GroupController.GetAll (CourseApi)'
2024-06-30 02:29:56.731 +04:00  INF  Request finished HTTP/1.1 GET http://localhost:5114/api/admin/Group/GetAll - - - 200 - application/json;+charset=utf-8 65.2524ms
2024-06-30 02:30:08.341 +04:00  INF  Request starting HTTP/1.1 POST http://localhost:5114/api/admin/Student/Create application/json 127
2024-06-30 02:30:08.341 +04:00  INF  Executing endpoint 'CourseApi.Controllers.Admin.StudentController.Create (CourseApi)'
2024-06-30 02:30:08.344 +04:00  INF  Route matched with {action = "Create", controller = "Student"}. Executing controller action with signature System.Threading.Tasks.Task`1[Microsoft.AspNetCore.Mvc.IActionResult] Create(Service.DTOs.Students.StudentCreateDto) on controller CourseApi.Controllers.Admin.StudentController (CourseApi).
2024-06-30 02:30:08.345 +04:00  INF  Entity Framework Core 6.0.31 initialized 'AppDbContext' using provider 'Microsoft.EntityFrameworkCore.SqlServer:6.0.31' with options: None
2024-06-30 02:30:08.382 +04:00  INF  Executed DbCommand (3ms) [Parameters=[@__item_0='?' (DbType = Int32)], CommandType='"Text"', CommandTimeout='30']
SELECT CASE
    WHEN EXISTS (
        SELECT 1
        FROM [Groups] AS [g]
        WHERE [g].[Id] = @__item_0) THEN CAST(1 AS bit)
    ELSE CAST(0 AS bit)
END
2024-06-30 02:30:08.389 +04:00  INF  Executed DbCommand (2ms) [Parameters=[@__item_0='?' (DbType = Int32)], CommandType='"Text"', CommandTimeout='30']
SELECT TOP(1) [g].[Id], [g].[Capacity], [g].[CreatedDate], [g].[EducationId], [g].[Name], [g].[RoomId], [g].[SoftDelete], [g].[StudentCount]
FROM [Groups] AS [g]
WHERE [g].[Id] = @__item_0
2024-06-30 02:30:08.393 +04:00  INF  Executed DbCommand (1ms) [Parameters=[@__item_0='?' (DbType = Int32)], CommandType='"Text"', CommandTimeout='30']
SELECT CASE
    WHEN EXISTS (
        SELECT 1
        FROM [Groups] AS [g]
        WHERE [g].[Id] = @__item_0) THEN CAST(1 AS bit)
    ELSE CAST(0 AS bit)
END
2024-06-30 02:30:08.393 +04:00  INF  Executed DbCommand (1ms) [Parameters=[@__item_0='?' (DbType = Int32)], CommandType='"Text"', CommandTimeout='30']
SELECT TOP(1) [g].[Id], [g].[Capacity], [g].[CreatedDate], [g].[EducationId], [g].[Name], [g].[RoomId], [g].[SoftDelete], [g].[StudentCount]
FROM [Groups] AS [g]
WHERE [g].[Id] = @__item_0
2024-06-30 02:30:08.396 +04:00  INF  Executed DbCommand (0ms) [Parameters=[@__item_0='?' (DbType = Int32)], CommandType='"Text"', CommandTimeout='30']
SELECT CASE
    WHEN EXISTS (
        SELECT 1
        FROM [Groups] AS [g]
        WHERE [g].[Id] = @__item_0) THEN CAST(1 AS bit)
    ELSE CAST(0 AS bit)
END
2024-06-30 02:30:08.440 +04:00  INF  Executed DbCommand (10ms) [Parameters=[@__item_0='?' (DbType = Int32)], CommandType='"Text"', CommandTimeout='30']
SELECT [t].[Id], [t].[Capacity], [t].[CreatedDate], [t].[EducationId], [t].[Name], [t].[RoomId], [t].[SoftDelete], [t].[StudentCount], [t0].[Id], [t0].[GroupId], [t0].[StudentId], [t0].[Id0], [t0].[Address], [t0].[Age], [t0].[CreatedDate], [t0].[Email], [t0].[Name], [t0].[SoftDelete], [t0].[SurName]
FROM (
    SELECT TOP(1) [g].[Id], [g].[Capacity], [g].[CreatedDate], [g].[EducationId], [g].[Name], [g].[RoomId], [g].[SoftDelete], [g].[StudentCount]
    FROM [Groups] AS [g]
    WHERE [g].[Id] = @__item_0
) AS [t]
LEFT JOIN (
    SELECT [g0].[Id], [g0].[GroupId], [g0].[StudentId], [s].[Id] AS [Id0], [s].[Address], [s].[Age], [s].[CreatedDate], [s].[Email], [s].[Name], [s].[SoftDelete], [s].[SurName]
    FROM [GroupStudents] AS [g0]
    INNER JOIN [Students] AS [s] ON [g0].[StudentId] = [s].[Id]
) AS [t0] ON [t].[Id] = [t0].[GroupId]
ORDER BY [t].[Id], [t0].[Id]
2024-06-30 02:30:08.468 +04:00  INF  Executed DbCommand (4ms) [Parameters=[@p0='?' (Size = 4000), @p1='?' (DbType = Int32), @p2='?' (DbType = DateTime2), @p3='?' (Size = 4000), @p4='?' (Size = 100), @p5='?' (DbType = Boolean), @p6='?' (Size = 4000)], CommandType='"Text"', CommandTimeout='30']
SET NOCOUNT ON;
INSERT INTO [Students] ([Address], [Age], [CreatedDate], [Email], [Name], [SoftDelete], [SurName])
VALUES (@p0, @p1, @p2, @p3, @p4, @p5, @p6);
SELECT [Id]
FROM [Students]
WHERE @@ROWCOUNT = 1 AND [Id] = scope_identity();
2024-06-30 02:30:08.477 +04:00  INF  Executed DbCommand (5ms) [Parameters=[@p7='?' (DbType = Int32), @p8='?' (DbType = Int32)], CommandType='"Text"', CommandTimeout='30']
SET NOCOUNT ON;
INSERT INTO [GroupStudents] ([GroupId], [StudentId])
VALUES (@p7, @p8);
SELECT [Id]
FROM [GroupStudents]
WHERE @@ROWCOUNT = 1 AND [Id] = scope_identity();
2024-06-30 02:30:08.527 +04:00  INF  Executing CreatedAtActionResult, writing value of type '<>f__AnonymousType0`1[[System.String, System.Private.CoreLib, Version=6.0.0.0, Culture=neutral, PublicKeyToken=7cec85d7bea7798e]]'.
2024-06-30 02:30:08.528 +04:00  INF  Executed action CourseApi.Controllers.Admin.StudentController.Create (CourseApi) in 183.5477ms
2024-06-30 02:30:08.528 +04:00  INF  Executed endpoint 'CourseApi.Controllers.Admin.StudentController.Create (CourseApi)'
2024-06-30 02:30:08.528 +04:00  INF  Request finished HTTP/1.1 POST http://localhost:5114/api/admin/Student/Create application/json 127 - 201 - application/json;+charset=utf-8 186.5734ms
2024-06-30 02:30:20.074 +04:00  INF  Request starting HTTP/1.1 POST http://localhost:5114/api/admin/Student/Create application/json 133
2024-06-30 02:30:20.076 +04:00  INF  Executing endpoint 'CourseApi.Controllers.Admin.StudentController.Create (CourseApi)'
2024-06-30 02:30:20.076 +04:00  INF  Route matched with {action = "Create", controller = "Student"}. Executing controller action with signature System.Threading.Tasks.Task`1[Microsoft.AspNetCore.Mvc.IActionResult] Create(Service.DTOs.Students.StudentCreateDto) on controller CourseApi.Controllers.Admin.StudentController (CourseApi).
2024-06-30 02:30:20.077 +04:00  INF  Entity Framework Core 6.0.31 initialized 'AppDbContext' using provider 'Microsoft.EntityFrameworkCore.SqlServer:6.0.31' with options: None
2024-06-30 02:30:20.082 +04:00  INF  Executed DbCommand (4ms) [Parameters=[@__item_0='?' (DbType = Int32)], CommandType='"Text"', CommandTimeout='30']
SELECT CASE
    WHEN EXISTS (
        SELECT 1
        FROM [Groups] AS [g]
        WHERE [g].[Id] = @__item_0) THEN CAST(1 AS bit)
    ELSE CAST(0 AS bit)
END
2024-06-30 02:30:20.085 +04:00  INF  Executed DbCommand (2ms) [Parameters=[@__item_0='?' (DbType = Int32)], CommandType='"Text"', CommandTimeout='30']
SELECT TOP(1) [g].[Id], [g].[Capacity], [g].[CreatedDate], [g].[EducationId], [g].[Name], [g].[RoomId], [g].[SoftDelete], [g].[StudentCount]
FROM [Groups] AS [g]
WHERE [g].[Id] = @__item_0
2024-06-30 02:30:20.086 +04:00  INF  Executed DbCommand (1ms) [Parameters=[@__item_0='?' (DbType = Int32)], CommandType='"Text"', CommandTimeout='30']
SELECT CASE
    WHEN EXISTS (
        SELECT 1
        FROM [Groups] AS [g]
        WHERE [g].[Id] = @__item_0) THEN CAST(1 AS bit)
    ELSE CAST(0 AS bit)
END
2024-06-30 02:30:20.087 +04:00  INF  Executed DbCommand (1ms) [Parameters=[@__item_0='?' (DbType = Int32)], CommandType='"Text"', CommandTimeout='30']
SELECT TOP(1) [g].[Id], [g].[Capacity], [g].[CreatedDate], [g].[EducationId], [g].[Name], [g].[RoomId], [g].[SoftDelete], [g].[StudentCount]
FROM [Groups] AS [g]
WHERE [g].[Id] = @__item_0
2024-06-30 02:30:20.090 +04:00  INF  Executed DbCommand (1ms) [Parameters=[@__item_0='?' (DbType = Int32)], CommandType='"Text"', CommandTimeout='30']
SELECT CASE
    WHEN EXISTS (
        SELECT 1
        FROM [Groups] AS [g]
        WHERE [g].[Id] = @__item_0) THEN CAST(1 AS bit)
    ELSE CAST(0 AS bit)
END
2024-06-30 02:30:20.153 +04:00  INF  Executed DbCommand (62ms) [Parameters=[@__item_0='?' (DbType = Int32)], CommandType='"Text"', CommandTimeout='30']
SELECT [t].[Id], [t].[Capacity], [t].[CreatedDate], [t].[EducationId], [t].[Name], [t].[RoomId], [t].[SoftDelete], [t].[StudentCount], [t0].[Id], [t0].[GroupId], [t0].[StudentId], [t0].[Id0], [t0].[Address], [t0].[Age], [t0].[CreatedDate], [t0].[Email], [t0].[Name], [t0].[SoftDelete], [t0].[SurName]
FROM (
    SELECT TOP(1) [g].[Id], [g].[Capacity], [g].[CreatedDate], [g].[EducationId], [g].[Name], [g].[RoomId], [g].[SoftDelete], [g].[StudentCount]
    FROM [Groups] AS [g]
    WHERE [g].[Id] = @__item_0
) AS [t]
LEFT JOIN (
    SELECT [g0].[Id], [g0].[GroupId], [g0].[StudentId], [s].[Id] AS [Id0], [s].[Address], [s].[Age], [s].[CreatedDate], [s].[Email], [s].[Name], [s].[SoftDelete], [s].[SurName]
    FROM [GroupStudents] AS [g0]
    INNER JOIN [Students] AS [s] ON [g0].[StudentId] = [s].[Id]
) AS [t0] ON [t].[Id] = [t0].[GroupId]
ORDER BY [t].[Id], [t0].[Id]
2024-06-30 02:30:20.159 +04:00  INF  Executed DbCommand (3ms) [Parameters=[@p0='?' (Size = 4000), @p1='?' (DbType = Int32), @p2='?' (DbType = DateTime2), @p3='?' (Size = 4000), @p4='?' (Size = 100), @p5='?' (DbType = Boolean), @p6='?' (Size = 4000)], CommandType='"Text"', CommandTimeout='30']
SET NOCOUNT ON;
INSERT INTO [Students] ([Address], [Age], [CreatedDate], [Email], [Name], [SoftDelete], [SurName])
VALUES (@p0, @p1, @p2, @p3, @p4, @p5, @p6);
SELECT [Id]
FROM [Students]
WHERE @@ROWCOUNT = 1 AND [Id] = scope_identity();
2024-06-30 02:30:20.165 +04:00  INF  Executed DbCommand (6ms) [Parameters=[@p7='?' (DbType = Int32), @p8='?' (DbType = Int32)], CommandType='"Text"', CommandTimeout='30']
SET NOCOUNT ON;
INSERT INTO [GroupStudents] ([GroupId], [StudentId])
VALUES (@p7, @p8);
SELECT [Id]
FROM [GroupStudents]
WHERE @@ROWCOUNT = 1 AND [Id] = scope_identity();
2024-06-30 02:30:20.166 +04:00  INF  Executing CreatedAtActionResult, writing value of type '<>f__AnonymousType0`1[[System.String, System.Private.CoreLib, Version=6.0.0.0, Culture=neutral, PublicKeyToken=7cec85d7bea7798e]]'.
2024-06-30 02:30:20.166 +04:00  INF  Executed action CourseApi.Controllers.Admin.StudentController.Create (CourseApi) in 90.072ms
2024-06-30 02:30:20.166 +04:00  INF  Executed endpoint 'CourseApi.Controllers.Admin.StudentController.Create (CourseApi)'
2024-06-30 02:30:20.167 +04:00  INF  Request finished HTTP/1.1 POST http://localhost:5114/api/admin/Student/Create application/json 133 - 201 - application/json;+charset=utf-8 92.1383ms
2024-06-30 02:32:20.177 +04:00  INF  Request starting HTTP/1.1 POST http://localhost:5114/api/admin/Group/Create application/json 72
2024-06-30 02:32:20.178 +04:00  INF  Executing endpoint 'CourseApi.Controllers.Admin.GroupController.Create (CourseApi)'
2024-06-30 02:32:20.178 +04:00  INF  Route matched with {action = "Create", controller = "Group"}. Executing controller action with signature System.Threading.Tasks.Task`1[Microsoft.AspNetCore.Mvc.IActionResult] Create(Service.DTOs.Groups.GroupCreateDto) on controller CourseApi.Controllers.Admin.GroupController (CourseApi).
2024-06-30 02:32:20.178 +04:00  INF  Entity Framework Core 6.0.31 initialized 'AppDbContext' using provider 'Microsoft.EntityFrameworkCore.SqlServer:6.0.31' with options: None
2024-06-30 02:32:20.182 +04:00  INF  Executed DbCommand (2ms) [Parameters=[@__id_0='?' (DbType = Int32)], CommandType='"Text"', CommandTimeout='30']
SELECT TOP(1) [r].[Id], [r].[CreatedDate], [r].[GroupId], [r].[Name], [r].[SeatCount], [r].[SoftDelete]
FROM [Rooms] AS [r]
WHERE [r].[Id] = @__id_0
2024-06-30 02:32:20.188 +04:00  INF  Executed DbCommand (6ms) [Parameters=[@p0='?' (DbType = Int32), @p1='?' (DbType = DateTime2), @p2='?' (DbType = Int32), @p3='?' (Size = 100), @p4='?' (DbType = Int32), @p5='?' (DbType = Boolean), @p6='?' (DbType = Int32)], CommandType='"Text"', CommandTimeout='30']
SET NOCOUNT ON;
INSERT INTO [Groups] ([Capacity], [CreatedDate], [EducationId], [Name], [RoomId], [SoftDelete], [StudentCount])
VALUES (@p0, @p1, @p2, @p3, @p4, @p5, @p6);
SELECT [Id]
FROM [Groups]
WHERE @@ROWCOUNT = 1 AND [Id] = scope_identity();
2024-06-30 02:32:20.236 +04:00  INF  Executing CreatedAtActionResult, writing value of type '<>f__AnonymousType0`1[[System.String, System.Private.CoreLib, Version=6.0.0.0, Culture=neutral, PublicKeyToken=7cec85d7bea7798e]]'.
2024-06-30 02:32:20.236 +04:00  INF  Executed action CourseApi.Controllers.Admin.GroupController.Create (CourseApi) in 58.5131ms
2024-06-30 02:32:20.236 +04:00  INF  Executed endpoint 'CourseApi.Controllers.Admin.GroupController.Create (CourseApi)'
2024-06-30 02:32:20.237 +04:00  INF  Request finished HTTP/1.1 POST http://localhost:5114/api/admin/Group/Create application/json 72 - 201 - application/json;+charset=utf-8 59.1905ms
2024-06-30 02:33:37.172 +04:00  INF  Entity Framework Core 6.0.31 initialized 'AppDbContext' using provider 'Microsoft.EntityFrameworkCore.SqlServer:6.0.31' with options: None
