2024-06-30 02:33:37.378 +04:00  INF  Now listening on: http://localhost:5114
2024-06-30 02:33:37.402 +04:00  INF  Application started. Press Ctrl+C to shut down.
2024-06-30 02:33:37.403 +04:00  INF  Hosting environment: Development
2024-06-30 02:33:37.403 +04:00  INF  Content root path: C:\Users\Rashad\OneDrive\Desktop\CourseAPI\CourseApi\CourseApi\
2024-06-30 02:33:37.567 +04:00  INF  Request starting HTTP/1.1 GET http://localhost:5114/swagger/index.html - -
2024-06-30 02:33:37.805 +04:00  INF  Request finished HTTP/1.1 GET http://localhost:5114/swagger/index.html - - - 200 - text/html;charset=utf-8 241.8326ms
2024-06-30 02:33:37.823 +04:00  INF  Request starting HTTP/1.1 GET http://localhost:5114/_vs/browserLink - -
2024-06-30 02:33:37.825 +04:00  INF  Request starting HTTP/1.1 GET http://localhost:5114/_framework/aspnetcore-browser-refresh.js - -
2024-06-30 02:33:37.827 +04:00  INF  Request finished HTTP/1.1 GET http://localhost:5114/_framework/aspnetcore-browser-refresh.js - - - 200 11988 application/javascript;+charset=utf-8 2.1625ms
2024-06-30 02:33:37.858 +04:00  INF  Request finished HTTP/1.1 GET http://localhost:5114/_vs/browserLink - - - 200 - text/javascript;+charset=UTF-8 34.6037ms
2024-06-30 02:33:38.231 +04:00  INF  Request starting HTTP/1.1 GET http://localhost:5114/swagger/v1/swagger.json - -
2024-06-30 02:33:38.313 +04:00  INF  Request starting HTTP/1.1 GET http://localhost:5114/swagger/index.html - -
2024-06-30 02:33:38.314 +04:00  INF  Request finished HTTP/1.1 GET http://localhost:5114/swagger/index.html - - - 200 - text/html;charset=utf-8 1.3731ms
2024-06-30 02:33:38.342 +04:00  INF  Request finished HTTP/1.1 GET http://localhost:5114/swagger/v1/swagger.json - - - 200 - application/json;charset=utf-8 110.7713ms
2024-06-30 02:33:42.230 +04:00  INF  Entity Framework Core 6.0.31 initialized 'AppDbContext' using provider 'Microsoft.EntityFrameworkCore.SqlServer:6.0.31' with options: None
2024-06-30 02:33:42.517 +04:00  INF  Executed DbCommand (13ms) [Parameters=[], CommandType='"Text"', CommandTimeout='30']
SELECT 1
2024-06-30 02:33:42.544 +04:00  INF  Executed DbCommand (13ms) [Parameters=[], CommandType='"Text"', CommandTimeout='30']
SELECT OBJECT_ID(N'[__EFMigrationsHistory]');
2024-06-30 02:33:42.547 +04:00  INF  Executed DbCommand (1ms) [Parameters=[], CommandType='"Text"', CommandTimeout='30']
SELECT 1
2024-06-30 02:33:42.548 +04:00  INF  Executed DbCommand (0ms) [Parameters=[], CommandType='"Text"', CommandTimeout='30']
SELECT OBJECT_ID(N'[__EFMigrationsHistory]');
2024-06-30 02:33:42.561 +04:00  INF  Executed DbCommand (2ms) [Parameters=[], CommandType='"Text"', CommandTimeout='30']
SELECT [MigrationId], [ProductVersion]
FROM [__EFMigrationsHistory]
ORDER BY [MigrationId];
2024-06-30 02:33:42.578 +04:00  INF  Applying migration '20240629223337_TableUpdate'.
2024-06-30 02:33:42.720 +04:00  INF  Executed DbCommand (92ms) [Parameters=[], CommandType='"Text"', CommandTimeout='30']
DECLARE @var0 sysname;
SELECT @var0 = [d].[name]
FROM [sys].[default_constraints] [d]
INNER JOIN [sys].[columns] [c] ON [d].[parent_column_id] = [c].[column_id] AND [d].[parent_object_id] = [c].[object_id]
WHERE ([d].[parent_object_id] = OBJECT_ID(N'[Rooms]') AND [c].[name] = N'GroupId');
IF @var0 IS NOT NULL EXEC(N'ALTER TABLE [Rooms] DROP CONSTRAINT [' + @var0 + '];');
ALTER TABLE [Rooms] DROP COLUMN [GroupId];
2024-06-30 02:33:42.722 +04:00  INF  Executed DbCommand (2ms) [Parameters=[], CommandType='"Text"', CommandTimeout='30']
INSERT INTO [__EFMigrationsHistory] ([MigrationId], [ProductVersion])
VALUES (N'20240629223337_TableUpdate', N'6.0.31');
